<?xml version="1.0" encoding="UTF-8"?>
<!-- Generated by org.testng.reporters.JUnitXMLReporter -->
<testsuite hostname="pawan-PC" ignored="0" name="Test" tests="6" failures="0" timestamp="2019-09-11T18:31:39 IST" time="0.184" errors="0">
  <testcase name="deletetwitter" time="0.026" classname="MavenExample.MavenBasics.RESTSApiTest"/>
  <testcase name="postjira" time="0.003" classname="MavenExample.MavenBasics.RESTSApiTest"/>
  <testcase name="iosapp" time="0.004" classname="MavenExample.MavenBasics.AppiumTest"/>
  <testcase name="nativeappandroid" time="0.004" classname="MavenExample.MavenBasics.AppiumTest"/>
  <testcase name="BrowserAutomation" time="0.005" classname="MavenExample.MavenBasics.SeleniumTest"/>
  <testcase name="elementui" time="0.006" classname="MavenExample.MavenBasics.SeleniumTest"/>
</testsuite> <!-- Test -->
