<?xml version="1.0" encoding="UTF-8"?>
<testng-results skipped="0" failed="0" ignored="0" total="6" passed="6">
  <reporter-output>
  </reporter-output>
  <suite name="Suite" duration-ms="184" started-at="2019-09-11T18:31:39 IST" finished-at="2019-09-11T18:31:39 IST">
    <groups>
    </groups>
    <test name="Test" duration-ms="184" started-at="2019-09-11T18:31:39 IST" finished-at="2019-09-11T18:31:39 IST">
      <class name="MavenExample.MavenBasics.AppiumTest">
        <test-method status="PASS" signature="iosapp()[pri:0, instance:MavenExample.MavenBasics.AppiumTest@1d7a715]" name="iosapp" duration-ms="4" started-at="2019-09-11T18:31:39 IST" finished-at="2019-09-11T18:31:39 IST">
          <reporter-output>
          </reporter-output>
        </test-method> <!-- iosapp -->
        <test-method status="PASS" signature="nativeappandroid()[pri:0, instance:MavenExample.MavenBasics.AppiumTest@1d7a715]" name="nativeappandroid" duration-ms="4" started-at="2019-09-11T18:31:39 IST" finished-at="2019-09-11T18:31:39 IST">
          <reporter-output>
          </reporter-output>
        </test-method> <!-- nativeappandroid -->
      </class> <!-- MavenExample.MavenBasics.AppiumTest -->
      <class name="MavenExample.MavenBasics.SeleniumTest">
        <test-method status="PASS" signature="BrowserAutomation()[pri:0, instance:MavenExample.MavenBasics.SeleniumTest@11f39f9]" name="BrowserAutomation" duration-ms="5" started-at="2019-09-11T18:31:39 IST" finished-at="2019-09-11T18:31:39 IST">
          <reporter-output>
          </reporter-output>
        </test-method> <!-- BrowserAutomation -->
        <test-method status="PASS" signature="elementui()[pri:0, instance:MavenExample.MavenBasics.SeleniumTest@11f39f9]" name="elementui" duration-ms="6" started-at="2019-09-11T18:31:39 IST" finished-at="2019-09-11T18:31:39 IST">
          <reporter-output>
          </reporter-output>
        </test-method> <!-- elementui -->
      </class> <!-- MavenExample.MavenBasics.SeleniumTest -->
      <class name="MavenExample.MavenBasics.RESTSApiTest">
        <test-method status="PASS" signature="deletetwitter()[pri:0, instance:MavenExample.MavenBasics.RESTSApiTest@aa12dd]" name="deletetwitter" duration-ms="26" started-at="2019-09-11T18:31:39 IST" finished-at="2019-09-11T18:31:39 IST">
          <reporter-output>
          </reporter-output>
        </test-method> <!-- deletetwitter -->
        <test-method status="PASS" signature="postjira()[pri:0, instance:MavenExample.MavenBasics.RESTSApiTest@aa12dd]" name="postjira" duration-ms="3" started-at="2019-09-11T18:31:39 IST" finished-at="2019-09-11T18:31:39 IST">
          <reporter-output>
          </reporter-output>
        </test-method> <!-- postjira -->
      </class> <!-- MavenExample.MavenBasics.RESTSApiTest -->
    </test> <!-- Test -->
  </suite> <!-- Suite -->
</testng-results>
